<?xml version="1.0" encoding="utf-8" standalone="no"?>
<!--This file represents the results of running a test suite-->
<test-results name="C:\Users\rishabh\Documents\Visual Studio 2012\Projects\InsertTableDialog\InsertTableDialog\bin\Debug\InsertTableDialog.exe" total="0" errors="0" failures="0" not-run="0" inconclusive="0" ignored="0" skipped="0" invalid="0" date="2014-09-03" time="15:47:44">
  <environment nunit-version="2.6.3.13283" clr-version="2.0.50727.4927" os-version="Microsoft Windows NT 6.1.7600.0" platform="Win32NT" cwd="C:\Program Files\NUnit 2.6.3\bin" machine-name="RISHABH-PC" user="rishabh" user-domain="rishabh-PC" />
  <culture-info current-culture="en-US" current-uiculture="en-US" />
  <test-suite type="Assembly" name="C:\Users\rishabh\Documents\Visual Studio 2012\Projects\InsertTableDialog\InsertTableDialog\bin\Debug\InsertTableDialog.exe" executed="True" result="Inconclusive" success="False" time="0.030" asserts="0" />
</test-results>